<?xml version="1.0" encoding="UTF-8"?>
<!-- Generated by org.testng.reporters.JUnitReportReporter -->
<testsuite hostname="lin80032759" failures="0" tests="6" name="shopping.PurchaseProduct" time="54.951" errors="0" timestamp="2021-12-24T00:12:29 IST" skipped="0">
  <testcase classname="shopping.PurchaseProduct" name="getUrl" time="0.008"/>
  <system-out/>
  <testcase classname="shopping.PurchaseProduct" name="setUpWebDriver" time="2.356"/>
  <system-out/>
  <testcase classname="shopping.PurchaseProduct" name="LaunchLogin" time="3.594"/>
  <system-out/>
  <testcase classname="shopping.PurchaseProduct" name="searchForItem" time="37.999"/>
  <system-out/>
  <testcase classname="shopping.PurchaseProduct" name="verifyCart" time="10.746"/>
  <system-out/>
  <testcase classname="shopping.PurchaseProduct" name="click" time="0.248"/>
  <system-out/>
</testsuite> <!-- shopping.PurchaseProduct -->
